[{'code': u'12333', 'name': u'\u5708\u5708', 'pic': u'1464304330.04.png', 'phone': u'18888888888', 'place': u'\u798f\u7530', 'vote': 4L, 'id': 1L}, {'code': u'666', 'name': u'\u7238\u7238', 'pic': u'1464305166.56.jpeg', 'phone': u'13333333333', 'place': u'\u6960\u54e5\u5bb6', 'vote': 1L, 'id': 2L}, {'code': u'8008208820', 'name': u'\u732b\u5768\u5768', 'pic': u'1464306917.73.jpeg', 'phone': u'18888828882', 'place': u'\u5357\u5c71\u5357', 'vote': 1L, 'id': 3L}]
1
update joiner set vote = vote + 1 where id=1:
2
update joiner set vote = vote + 1 where id=2:
3
update joiner set vote = vote + 1 where id=3:
[{'code': u'12333', 'name': u'\u5708\u5708', 'pic': u'1464304330.04.png', 'phone': u'18888888888', 'place': u'\u798f\u7530', 'vote': 4L, 'id': 1L}, {'code': u'666', 'name': u'\u7238\u7238', 'pic': u'1464305166.56.jpeg', 'phone': u'13333333333', 'place': u'\u6960\u54e5\u5bb6', 'vote': 1L, 'id': 2L}, {'code': u'8008208820', 'name': u'\u732b\u5768\u5768', 'pic': u'1464306917.73.jpeg', 'phone': u'18888828882', 'place': u'\u5357\u5c71\u5357', 'vote': 1L, 'id': 3L}]
1
update joiner set vote = vote + 1 where id=1:
2
update joiner set vote = vote + 1 where id=2:
3
update joiner set vote = vote + 1 where id=3:
[{'code': u'12333', 'name': u'\u5708\u5708', 'pic': u'1464304330.04.png', 'phone': u'18888888888', 'place': u'\u798f\u7530', 'vote': 4L, 'id': 1L}, {'code': u'666', 'name': u'\u7238\u7238', 'pic': u'1464305166.56.jpeg', 'phone': u'13333333333', 'place': u'\u6960\u54e5\u5bb6', 'vote': 1L, 'id': 2L}, {'code': u'8008208820', 'name': u'\u732b\u5768\u5768', 'pic': u'1464306917.73.jpeg', 'phone': u'18888828882', 'place': u'\u5357\u5c71\u5357', 'vote': 1L, 'id': 3L}]
[{'code': u'12333', 'name': u'\u5708\u5708', 'pic': u'1464304330.04.png', 'phone': u'18888888888', 'place': u'\u798f\u7530', 'vote': 4L, 'id': 1L}, {'code': u'666', 'name': u'\u7238\u7238', 'pic': u'1464305166.56.jpeg', 'phone': u'13333333333', 'place': u'\u6960\u54e5\u5bb6', 'vote': 1L, 'id': 2L}, {'code': u'8008208820', 'name': u'\u732b\u5768\u5768', 'pic': u'1464306917.73.jpeg', 'phone': u'18888828882', 'place': u'\u5357\u5c71\u5357', 'vote': 1L, 'id': 3L}]
1
update joiner set vote = vote + 1 where id=1:
aaa
aaa
wawa
123
123
aaa
13570226599
123
1234
admin
admin
123
testbusiness
testbusiness
admin
123
123
123
admin
123
1
123
admin
1
admin
1
admin
admin
18811112222

0.0
1
0
0
0.0
1.0
0.0
0.0
2.0
18811112222
18811112222
2222
18811112222
2222
1234
1234
admin
1234
1234
admin
admin
18811112222
1234
123
1
123
1
1
1
1
1
admin
admin
13929516788
13929516788
222222,22222,222222,222222,22222
work!
2.0
0
0
0
10.5
0.0
0.0
0.0
210.5
admin
13929516788
admin
13929516788
admin
13929516788
13929516788
111111,111111,111111,111111
work!
2.0
0
0
0
10.5
0.0
0.0
0.0
210.5
admin

0.0
1
0
0
0.0
15.0
0.0
0.0
16.0
13929516788
13632349222
13632349222
admin
1
123
admin
123
admin
123
13929516788
13929516788
13632349222
123
1
1
123

0.0
1
0
0
0.0
45.0
0.0
0.0
46.0
admin
1
123
admin
1
123

0.0
1
0
0
0.0
30.0
0.0
0.0
31.0
admin
1
1
1
admin
123
1
admin
1
123
13929516788
123
123
1
admin
admin
admin
123

6.0
0
0
0
16.5
0.0
0.0
0.0
322.5
admin
123
1
admin
1
1
1
1
123
1
1
1
1
123
1
123
123
1
1
1
123
admin
admin
admin
1
1
1
1
1
admin
1
1234
1
1
123
1
1
1
1
1
1
1
1
1
1
1
1
222
123
1234
18811112222
18811112222
admin
123


123

123
123
123
1
123
123
admin
admin
admin
1
123
admin
admin
123
123
1
1
1
90
123
admin
123
123
123
123
123
123
123
123
1
123
123
123
1234
123
1
1
1
90
1
123
1
1
admin
1
1
123
1
admin
admin
123
123
123
123
123
123
123
123
123
123
123
1
123
18814122753
123
123
1
12
123
188
18814122753
admin
18814122753
admin
admin
admin
123
18814122753
admin
admin
123
123
123
18814122753
123
admin
18814122753
admin
11
18814122753
11
12
11
18814122753
admin
11
admin
12
123
admin
admin
12
admin
123
ImmutableMultiDict([('file', <FileStorage: u'3.PNG' ('image/png')>)])
<FileStorage: u'3.PNG' ('image/png')>
admin
123
123
123
123
admin
123
admin
123
admin
admin
18814122753
admin
123
1
123
1
1
1
123
123
123
12
12
123
123
12
123
12
123
12
123
12
123
12
123
123
123
123
123
123
12
123
12
123
admin
12
123
12
123
12
admin
12
123
admin
admin
admin
admin
123
1
12
123
admin
123
admin
12
admin
12
12
admin
wawa
123
admin
admin
12
12
12
12
123
ImmutableMultiDict([('file', <FileStorage: u'ROOT\u6743\u9650.PNG' ('image/png')>)])
<FileStorage: u'ROOT\u6743\u9650.PNG' ('image/png')>
ImmutableMultiDict([('file', <FileStorage: u'ROOT\u6743\u9650.PNG' ('image/png')>)])
<FileStorage: u'ROOT\u6743\u9650.PNG' ('image/png')>
ImmutableMultiDict([('file', <FileStorage: u'ROOT\u6743\u9650.PNG' ('image/png')>)])
<FileStorage: u'ROOT\u6743\u9650.PNG' ('image/png')>
admin
123
ImmutableMultiDict([('file', <FileStorage: u'ROOT\u6743\u9650.PNG' ('image/png')>)])
<FileStorage: u'ROOT\u6743\u9650.PNG' ('image/png')>
ImmutableMultiDict([('file', <FileStorage: u'ROOT\u6743\u9650.PNG' ('image/png')>)])
<FileStorage: u'ROOT\u6743\u9650.PNG' ('image/png')>
ImmutableMultiDict([('file', <FileStorage: u'ROOT\u6743\u9650.PNG' ('image/png')>)])
<FileStorage: u'ROOT\u6743\u9650.PNG' ('image/png')>
ImmutableMultiDict([('file', <FileStorage: u'ROOT\u6743\u9650.PNG' ('image/png')>)])
<FileStorage: u'ROOT\u6743\u9650.PNG' ('image/png')>
ImmutableMultiDict([('file', <FileStorage: u'ROOT\u6743\u9650.PNG' ('image/png')>)])
<FileStorage: u'ROOT\u6743\u9650.PNG' ('image/png')>
1
admin
1
ImmutableMultiDict([('file', <FileStorage: u'root@localhost\u6743\u9650.PNG' ('image/png')>)])
<FileStorage: u'root@localhost\u6743\u9650.PNG' ('image/png')>
ImmutableMultiDict([('file', <FileStorage: u'ROOT\u6743\u9650.PNG' ('image/png')>)])
<FileStorage: u'ROOT\u6743\u9650.PNG' ('image/png')>
ImmutableMultiDict([('file', <FileStorage: u'ROOT\u6743\u9650.PNG' ('image/png')>)])
<FileStorage: u'ROOT\u6743\u9650.PNG' ('image/png')>
ImmutableMultiDict([('file', <FileStorage: u'mysql\u7528\u6237\u8868.PNG' ('image/png')>)])
<FileStorage: u'mysql\u7528\u6237\u8868.PNG' ('image/png')>
90
90
18814122753
123
90
12
12
90
ImmutableMultiDict([('file', <FileStorage: u'ROOT\u6743\u9650.PNG' ('image/png')>)])
<FileStorage: u'ROOT\u6743\u9650.PNG' ('image/png')>
12
90
1
18814122753
18814122753
18814122753
18814122753
18814122753
18814122753
18814122753
18814122753
18814122753
admin
12
12
12
12
12
12
12
12
12
12
123
1
12
12
123
12
1
44
1

admin
3
6
1
0

admin
12
123
12
123
12
123
123
123
123
12
123
123
123
123
123
1
123
123
123
123
12

1
1
123
90
12
123
123
12
12
12
123
123
123
123
12
90
90
90
90
admin
99
000
admin
12
222
123
admin
12
233
admin
123
123
123
123
[<app.api.model.Mission object at 0x7f5f68116290>, <app.api.model.Mission object at 0x7f5f6811aad0>, <app.api.model.Mission object at 0x7f5f6811a6d0>]
[<app.api.model.Mission object at 0x7f5f687fb550>, <app.api.model.Mission object at 0x7f5f687fb350>, <app.api.model.Mission object at 0x7f5f687fb2d0>]
[<app.api.model.Mission object at 0x7f5f68332510>, <app.api.model.Mission object at 0x7f5f68332d90>, <app.api.model.Mission object at 0x7f5f68332b50>]
[<app.api.model.Mission object at 0x7f5f68811d10>, <app.api.model.Mission object at 0x7f5f68811d90>, <app.api.model.Mission object at 0x7f5f68811e10>]
[<app.api.model.Mission object at 0x7f5f694b6f90>, <app.api.model.Mission object at 0x7f5f694bf050>, <app.api.model.Mission object at 0x7f5f694bf0d0>]
[<app.api.model.Mission object at 0x7f5f6994c290>, <app.api.model.Mission object at 0x7f5f6994c510>, <app.api.model.Mission object at 0x7f5f6994ce10>]
